#
# There is insufficient memory for the Java Runtime Environment to continue.
# Native memory allocation (malloc) failed to allocate 130096 bytes for Chunk::new
# Possible reasons:
#   The system is out of physical RAM or swap space
#   The process is running with CompressedOops enabled, and the Java Heap may be blocking the growth of the native heap
# Possible solutions:
#   Reduce memory load on the system
#   Increase physical memory or swap space
#   Check if swap backing store is full
#   Decrease Java heap size (-Xmx/-Xms)
#   Decrease number of Java threads
#   Decrease Java thread stack sizes (-Xss)
#   Set larger code cache with -XX:ReservedCodeCacheSize=
#   JVM is running with Unscaled Compressed Oops mode in which the Java heap is
#     placed in the first 4GB address space. The Java Heap base address is the
#     maximum limit for the native heap growth. Please use -XX:HeapBaseMinAddress
#     to set the Java Heap base and to place the Java Heap above 4GB virtual address.
# This output file may be truncated or incomplete.
#
#  Out of Memory Error (allocation.cpp:389), pid=18892, tid=0x0000000000002dfc
#
# JRE version: Java(TM) SE Runtime Environment (8.0_202-b08) (build 1.8.0_202-b08)
# Java VM: Java HotSpot(TM) 64-Bit Server VM (25.202-b08 mixed mode windows-amd64 compressed oops)
# Failed to write core dump. Minidumps are not enabled by default on client versions of Windows
#

---------------  T H R E A D  ---------------

Current thread (0x000000001b91e000):  JavaThread "C2 CompilerThread0" daemon [_thread_in_native, id=11772, stack(0x00000000086d0000,0x00000000087d0000)]

Stack: [0x00000000086d0000,0x00000000087d0000]
[error occurred during error reporting (printing stack bounds), id 0xc0000005]

Native frames: (J=compiled Java code, j=interpreted, Vv=VM code, C=native code)


Current CompileTask:
C2:   5363 1189       4       sun.misc.URLClassPath::getResource (83 bytes)


---------------  P R O C E S S  ---------------

Java Threads: ( => current thread )
  0x0000000009453000 JavaThread "Keep-Alive-Timer" daemon [_thread_blocked, id=17336, stack(0x000000000a210000,0x000000000a310000)]
  0x00000000093ba800 JavaThread "Exec Stream Pumper" daemon [_thread_in_native, id=10964, stack(0x000000000a110000,0x000000000a210000)]
  0x00000000093ba000 JavaThread "Exec Stream Pumper" daemon [_thread_in_native, id=3748, stack(0x000000000a010000,0x000000000a110000)]
  0x00000000093d8000 JavaThread "UrlChecker-2" daemon [_thread_blocked, id=16908, stack(0x0000000009e10000,0x0000000009f10000)]
  0x00000000093bc800 JavaThread "Exec Default Executor" daemon [_thread_in_native, id=19720, stack(0x0000000009d10000,0x0000000009e10000)]
  0x0000000008d68000 JavaThread "ReaderThread" [_thread_in_native, id=20452, stack(0x0000000008ed0000,0x0000000008fd0000)]
  0x000000001b981800 JavaThread "Service Thread" daemon [_thread_blocked, id=20200, stack(0x00000000088d0000,0x00000000089d0000)]
  0x000000001b979800 JavaThread "C1 CompilerThread1" daemon [_thread_blocked, id=17788, stack(0x00000000087d0000,0x00000000088d0000)]
=>0x000000001b91e000 JavaThread "C2 CompilerThread0" daemon [_thread_in_native, id=11772, stack(0x00000000086d0000,0x00000000087d0000)]
  0x000000001b91d000 JavaThread "Attach Listener" daemon [_thread_blocked, id=4828, stack(0x00000000085d0000,0x00000000086d0000)]
  0x000000001b919800 JavaThread "Signal Dispatcher" daemon [_thread_blocked, id=6892, stack(0x00000000084d0000,0x00000000085d0000)]
  0x000000001b908800 JavaThread "Finalizer" daemon [_thread_blocked, id=17564, stack(0x00000000082d0000,0x00000000083d0000)]
  0x0000000003161000 JavaThread "Reference Handler" daemon [_thread_blocked, id=11692, stack(0x00000000081d0000,0x00000000082d0000)]
  0x0000000003073800 JavaThread "Forwarding newSession on session null to remote" [_thread_in_vm, id=13528, stack(0x0000000007570000,0x0000000007670000)]

Other Threads:
  0x000000001b8e7800 VMThread [stack: 0x00000000080d0000,0x00000000081d0000] [id=6512]
  0x000000001b9a0000 WatcherThread [stack: 0x00000000089d0000,0x0000000008ad0000] [id=16320]

VM state:not at safepoint (normal execution)

VM Mutex/Monitor currently owned by a thread: None

heap address: 0x0000000090000000, size: 1792 MB, Compressed Oops mode: 32-bit
Narrow klass base: 0x0000000000000000, Narrow klass shift: 3
Compressed class space size: 1073741824 Address: 0x0000000100000000

Heap:
 PSYoungGen      total 33280K, used 22324K [0x00000000dab00000, 0x00000000dd000000, 0x0000000100000000)
  eden space 28672K, 61% used [0x00000000dab00000,0x00000000dbc4eb70,0x00000000dc700000)
  from space 4608K, 99% used [0x00000000dc700000,0x00000000dcb7e800,0x00000000dcb80000)
  to   space 4608K, 0% used [0x00000000dcb80000,0x00000000dcb80000,0x00000000dd000000)
 ParOldGen       total 76800K, used 567K [0x0000000090000000, 0x0000000094b00000, 0x00000000dab00000)
  object space 76800K, 0% used [0x0000000090000000,0x000000009008de48,0x0000000094b00000)
 Metaspace       used 13375K, capacity 13660K, committed 13952K, reserved 1060864K
  class space    used 1741K, capacity 1876K, committed 1920K, reserved 1048576K

Card table byte_map: [0x0000000003530000,0x00000000038c0000] byte_map_base: 0x00000000030b0000

Marking Bits: (ParMarkBitMap*) 0x000000005d925ce0
 Begin Bits: [0x0000000003d20000, 0x0000000005920000)
 End Bits:   [0x0000000005920000, 0x0000000007520000)

Polling page: 0x0000000002df0000

CodeCache: size=245760Kb used=4430Kb max_used=4430Kb free=241329Kb
 bounds [0x000000000bc40000, 0x000000000c0a0000, 0x000000001ac40000]
 total_blobs=1577 nmethods=1202 adapters=288
 compilation: enabled

Compilation events (10 events):
Event: 5.356 Thread 0x000000001b979800 nmethod 1193 0x000000000c084a90 code [0x000000000c084c80, 0x000000000c085308]
Event: 5.356 Thread 0x000000001b979800 1194       3       java.lang.invoke.TypeConvertingMethodAdapter::cast (42 bytes)
Event: 5.356 Thread 0x000000001b979800 nmethod 1194 0x000000000c08c0d0 code [0x000000000c08c280, 0x000000000c08c828]
Event: 5.357 Thread 0x000000001b979800 1195       3       java.lang.invoke.MethodTypeForm::cachedLambdaForm (44 bytes)
Event: 5.357 Thread 0x000000001b979800 nmethod 1195 0x000000000c08b990 code [0x000000000c08bb20, 0x000000000c08bf70]
Event: 5.361 Thread 0x000000001b979800 1197       3       java.lang.invoke.LambdaForm$BMH/95395916::reinvoke (25 bytes)
Event: 5.361 Thread 0x000000001b979800 nmethod 1197 0x000000000c08b0d0 code [0x000000000c08b260, 0x000000000c08b858]
Event: 5.361 Thread 0x000000001b979800 1198       3       java.lang.invoke.MethodHandleImpl::castReference (20 bytes)
Event: 5.361 Thread 0x000000001b979800 nmethod 1198 0x000000000c08abd0 code [0x000000000c08ad40, 0x000000000c08afe8]
Event: 5.362 Thread 0x000000001b979800 1199       3       java.lang.Class::newReflectionData (74 bytes)

GC Heap History (2 events):
Event: 1.202 GC heap before
{Heap before GC invocations=1 (full 0):
 PSYoungGen      total 33280K, used 28672K [0x00000000dab00000, 0x00000000dd000000, 0x0000000100000000)
  eden space 28672K, 100% used [0x00000000dab00000,0x00000000dc700000,0x00000000dc700000)
  from space 4608K, 0% used [0x00000000dcb80000,0x00000000dcb80000,0x00000000dd000000)
  to   space 4608K, 0% used [0x00000000dc700000,0x00000000dc700000,0x00000000dcb80000)
 ParOldGen       total 76800K, used 0K [0x0000000090000000, 0x0000000094b00000, 0x00000000dab00000)
  object space 76800K, 0% used [0x0000000090000000,0x0000000090000000,0x0000000094b00000)
 Metaspace       used 9685K, capacity 9894K, committed 10112K, reserved 1058816K
  class space    used 1186K, capacity 1289K, committed 1408K, reserved 1048576K
Event: 1.210 GC heap after
Heap after GC invocations=1 (full 0):
 PSYoungGen      total 33280K, used 4602K [0x00000000dab00000, 0x00000000dd000000, 0x0000000100000000)
  eden space 28672K, 0% used [0x00000000dab00000,0x00000000dab00000,0x00000000dc700000)
  from space 4608K, 99% used [0x00000000dc700000,0x00000000dcb7e800,0x00000000dcb80000)
  to   space 4608K, 0% used [0x00000000dcb80000,0x00000000dcb80000,0x00000000dd000000)
 ParOldGen       total 76800K, used 567K [0x0000000090000000, 0x0000000094b00000, 0x00000000dab00000)
  object space 76800K, 0% used [0x0000000090000000,0x000000009008de48,0x0000000094b00000)
 Metaspace       used 9685K, capacity 9894K, committed 10112K, reserved 1058816K
  class space    used 1186K, capacity 1289K, committed 1408K, reserved 1048576K
}

Deoptimization events (10 events):
Event: 1.169 Thread 0x0000000003073800 Uncommon trap: reason=bimorphic action=maybe_recompile pc=0x000000000bf99348 method=java.util.regex.Pattern$BmpCharProperty.match(Ljava/util/regex/Matcher;ILjava/lang/CharSequence;)Z @ 16
Event: 1.169 Thread 0x0000000003073800 Uncommon trap: reason=bimorphic action=maybe_recompile pc=0x000000000bf99348 method=java.util.regex.Pattern$BmpCharProperty.match(Ljava/util/regex/Matcher;ILjava/lang/CharSequence;)Z @ 16
Event: 1.216 Thread 0x0000000003073800 Uncommon trap: reason=class_check action=maybe_recompile pc=0x000000000bf99a84 method=java.util.regex.Matcher.search(I)Z @ 86
Event: 1.250 Thread 0x0000000003073800 Uncommon trap: reason=unstable_if action=reinterpret pc=0x000000000bdb48a4 method=java.lang.String.replace(CC)Ljava/lang/String; @ 2
Event: 1.276 Thread 0x00000000093d8000 Uncommon trap: reason=unstable_if action=reinterpret pc=0x000000000be8f7d4 method=java.lang.CharacterDataLatin1.digit(II)I @ 82
Event: 1.924 Thread 0x0000000003073800 Uncommon trap: reason=class_check action=maybe_recompile pc=0x000000000bf99a84 method=java.util.regex.Matcher.search(I)Z @ 86
Event: 1.924 Thread 0x0000000003073800 Uncommon trap: reason=class_check action=maybe_recompile pc=0x000000000bea89a4 method=java.util.regex.Pattern$Curly.match(Ljava/util/regex/Matcher;ILjava/lang/CharSequence;)Z @ 19
Event: 1.926 Thread 0x0000000003073800 Uncommon trap: reason=class_check action=maybe_recompile pc=0x000000000bf99a84 method=java.util.regex.Matcher.search(I)Z @ 86
Event: 1.926 Thread 0x0000000003073800 Uncommon trap: reason=class_check action=maybe_recompile pc=0x000000000bea89a4 method=java.util.regex.Pattern$Curly.match(Ljava/util/regex/Matcher;ILjava/lang/CharSequence;)Z @ 19
Event: 1.926 Thread 0x0000000003073800 Uncommon trap: reason=class_check action=maybe_recompile pc=0x000000000bf99a84 method=java.util.regex.Matcher.search(I)Z @ 86

Classes redefined (0 events):
No events

Internal exceptions (10 events):
Event: 1.801 Thread 0x0000000003073800 Exception <a 'java/lang/IncompatibleClassChangeError': Found class java.lang.Object, but interface was expected> (0x00000000daf50248) thrown at [C:\re\workspace\8-2-build-windows-amd64-cygwin\jdk8u202\12323\hotspot\src\share\vm\interpreter\linkResolver.cp
Event: 1.805 Thread 0x0000000003073800 Exception <a 'java/lang/NoSuchMethodError': java.lang.Object.lambda$or$2(Ljava/util/function/Predicate;Ljava/lang/Object;)Z> (0x00000000daf5f010) thrown at [C:\re\workspace\8-2-build-windows-amd64-cygwin\jdk8u202\12323\hotspot\src\share\vm\interpreter\lin
Event: 1.807 Thread 0x0000000003073800 Exception <a 'java/lang/ArrayIndexOutOfBoundsException'> (0x00000000daf74af0) thrown at [C:\re\workspace\8-2-build-windows-amd64-cygwin\jdk8u202\12323\hotspot\src\share\vm\runtime\sharedRuntime.cpp, line 605]
Event: 1.808 Thread 0x0000000003073800 Exception <a 'java/lang/ArrayIndexOutOfBoundsException'> (0x00000000daf75c80) thrown at [C:\re\workspace\8-2-build-windows-amd64-cygwin\jdk8u202\12323\hotspot\src\share\vm\runtime\sharedRuntime.cpp, line 605]
Event: 1.808 Thread 0x0000000003073800 Exception <a 'java/lang/ArrayIndexOutOfBoundsException'> (0x00000000daf77160) thrown at [C:\re\workspace\8-2-build-windows-amd64-cygwin\jdk8u202\12323\hotspot\src\share\vm\runtime\sharedRuntime.cpp, line 605]
Event: 1.808 Thread 0x0000000003073800 Exception <a 'java/lang/ArrayIndexOutOfBoundsException'> (0x00000000daf77fc0) thrown at [C:\re\workspace\8-2-build-windows-amd64-cygwin\jdk8u202\12323\hotspot\src\share\vm\runtime\sharedRuntime.cpp, line 605]
Event: 1.817 Thread 0x0000000003073800 Exception <a 'java/lang/ArrayIndexOutOfBoundsException'> (0x00000000db0343d8) thrown at [C:\re\workspace\8-2-build-windows-amd64-cygwin\jdk8u202\12323\hotspot\src\share\vm\runtime\sharedRuntime.cpp, line 605]
Event: 1.880 Thread 0x0000000003073800 Exception <a 'java/lang/ArrayIndexOutOfBoundsException'> (0x00000000db2564c8) thrown at [C:\re\workspace\8-2-build-windows-amd64-cygwin\jdk8u202\12323\hotspot\src\share\vm\runtime\sharedRuntime.cpp, line 605]
Event: 1.880 Thread 0x0000000003073800 Exception <a 'java/lang/ArrayIndexOutOfBoundsException'> (0x00000000db257e38) thrown at [C:\re\workspace\8-2-build-windows-amd64-cygwin\jdk8u202\12323\hotspot\src\share\vm\runtime\sharedRuntime.cpp, line 605]
Event: 1.904 Thread 0x0000000003073800 Exception <a 'java/lang/IncompatibleClassChangeError': Found class java.lang.Object, but interface was expected> (0x00000000db3201c0) thrown at [C:\re\workspace\8-2-build-windows-amd64-cygwin\jdk8u202\12323\hotspot\src\share\vm\interpreter\linkResolver.cp

Events (10 events):
Event: 5.359 loading class java/util/stream/FindOps
Event: 5.359 loading class java/util/stream/FindOps done
Event: 5.359 loading class java/util/stream/FindOps$FindOp
Event: 5.360 loading class java/util/stream/FindOps$FindOp done
Event: 5.360 loading class java/util/Optional
Event: 5.360 loading class java/util/Optional done
Event: 5.361 loading class java/util/stream/FindOps$FindSink$OfRef
Event: 5.361 loading class java/util/stream/FindOps$FindSink
Event: 5.361 loading class java/util/stream/FindOps$FindSink done
Event: 5.361 loading class java/util/stream/FindOps$FindSink$OfRef done


Dynamic libraries:
0x00007ff74f3d0000 - 0x00007ff74f407000 	C:\Program Files\Java\jre1.8.0_202\bin\javaw.exe
0x00007ffb8fd60000 - 0x00007ffb8ff50000 	C:\windows\SYSTEM32\ntdll.dll
0x00007ffb8fbb0000 - 0x00007ffb8fc62000 	C:\windows\System32\KERNEL32.DLL
0x00007ffb8ceb0000 - 0x00007ffb8d155000 	C:\windows\System32\KERNELBASE.dll
0x00007ffb8ed70000 - 0x00007ffb8ee13000 	C:\windows\System32\ADVAPI32.dll
0x00007ffb8f850000 - 0x00007ffb8f8ee000 	C:\windows\System32\msvcrt.dll
0x00007ffb8deb0000 - 0x00007ffb8df47000 	C:\windows\System32\sechost.dll
0x00007ffb8f9c0000 - 0x00007ffb8fae0000 	C:\windows\System32\RPCRT4.dll
0x00007ffb8e730000 - 0x00007ffb8e8c5000 	C:\windows\System32\USER32.dll
0x00007ffb8ce50000 - 0x00007ffb8ce71000 	C:\windows\System32\win32u.dll
0x00007ffb8de80000 - 0x00007ffb8dea6000 	C:\windows\System32\GDI32.dll
0x00007ffb8da00000 - 0x00007ffb8db96000 	C:\windows\System32\gdi32full.dll
0x00007ffb8d1e0000 - 0x00007ffb8d27e000 	C:\windows\System32\msvcp_win.dll
0x00007ffb8dba0000 - 0x00007ffb8dc9a000 	C:\windows\System32\ucrtbase.dll
0x00007ffb77960000 - 0x00007ffb77be4000 	C:\windows\WinSxS\amd64_microsoft.windows.common-controls_6595b64144ccf1df_6.0.18362.1082_none_9e8193e1e45b25c1\COMCTL32.dll
0x00007ffb8e8d0000 - 0x00007ffb8ec05000 	C:\windows\System32\combase.dll
0x00007ffb8d160000 - 0x00007ffb8d1e0000 	C:\windows\System32\bcryptPrimitives.dll
0x00007ffb8f820000 - 0x00007ffb8f84e000 	C:\windows\System32\IMM32.DLL
0x00007ffb8cac0000 - 0x00007ffb8cafa000 	C:\windows\SYSTEM32\privman64.dll
0x00007ffb8e040000 - 0x00007ffb8e727000 	C:\windows\System32\SHELL32.dll
0x00007ffb8ce00000 - 0x00007ffb8ce4a000 	C:\windows\System32\cfgmgr32.dll
0x00007ffb8fc70000 - 0x00007ffb8fd19000 	C:\windows\System32\shcore.dll
0x00007ffb8d280000 - 0x00007ffb8da00000 	C:\windows\System32\windows.storage.dll
0x00007ffb8ccc0000 - 0x00007ffb8cce3000 	C:\windows\System32\profapi.dll
0x00007ffb8cc50000 - 0x00007ffb8cc9a000 	C:\windows\System32\powrprof.dll
0x00007ffb8cc20000 - 0x00007ffb8cc30000 	C:\windows\System32\UMPDC.dll
0x00007ffb8f710000 - 0x00007ffb8f762000 	C:\windows\System32\shlwapi.dll
0x00007ffb8cc30000 - 0x00007ffb8cc41000 	C:\windows\System32\kernel.appcore.dll
0x00007ffb8ddf0000 - 0x00007ffb8de07000 	C:\windows\System32\cryptsp.dll
0x00007ffb8f290000 - 0x00007ffb8f3e7000 	C:\windows\System32\ole32.dll
0x00007ffb8cb40000 - 0x00007ffb8cb65000 	C:\windows\SYSTEM32\USERENV.dll
0x00007ffb6b330000 - 0x00007ffb6b3e2000 	C:\Program Files\McAfee\Endpoint Security\Threat Prevention\Ips\EpMPApi.dll
0x00007ffb8cda0000 - 0x00007ffb8cdfc000 	C:\windows\System32\WINTRUST.dll
0x00007ffb8cca0000 - 0x00007ffb8ccb2000 	C:\windows\System32\MSASN1.dll
0x00007ffb8dca0000 - 0x00007ffb8dde9000 	C:\windows\System32\CRYPT32.dll
0x000000005db40000 - 0x000000005db4c000 	C:\Program Files\McAfee\Endpoint Security\Threat Prevention\Ips\EpMPThe.dll
0x000000005cc00000 - 0x000000005ccd2000 	C:\Program Files\Java\jre1.8.0_202\bin\msvcr100.dll
0x000000005d100000 - 0x000000005d9a5000 	C:\Program Files\Java\jre1.8.0_202\bin\server\jvm.dll
0x00007ffb8f550000 - 0x00007ffb8f558000 	C:\windows\System32\PSAPI.DLL
0x00007ffb76760000 - 0x00007ffb76769000 	C:\windows\SYSTEM32\WSOCK32.dll
0x00007ffb8f8f0000 - 0x00007ffb8f95f000 	C:\windows\System32\WS2_32.dll
0x00007ffb8a700000 - 0x00007ffb8a724000 	C:\windows\SYSTEM32\WINMM.dll
0x00007ffb86ab0000 - 0x00007ffb86aba000 	C:\windows\SYSTEM32\VERSION.dll
0x00007ffb8a6d0000 - 0x00007ffb8a6fd000 	C:\windows\SYSTEM32\WINMMBASE.dll
0x00007ffb6c390000 - 0x00007ffb6c4c2000 	C:\Program Files (x86)\Manufacturer\Endpoint Agent\clpbm64.dll
0x0000000007670000 - 0x0000000007735000 	C:\windows\System32\OLEAUT32.dll
0x00007ffb88900000 - 0x00007ffb8890c000 	C:\windows\SYSTEM32\Secur32.dll
0x00007ffb78aa0000 - 0x00007ffb78b46000 	C:\windows\SYSTEM32\MSVCP120.dll
0x00007ffb78990000 - 0x00007ffb78a7f000 	C:\windows\SYSTEM32\MSVCR120.dll
0x00007ffb8cb00000 - 0x00007ffb8cb37000 	C:\windows\SYSTEM32\SSPICLI.DLL
0x00007ffb797b0000 - 0x00007ffb797bf000 	C:\Program Files\Java\jre1.8.0_202\bin\verify.dll
0x00007ffb45680000 - 0x00007ffb456a9000 	C:\Program Files\Java\jre1.8.0_202\bin\java.dll
0x00007ffb6b520000 - 0x00007ffb6b58d000 	C:\Program Files (x86)\Manufacturer\Endpoint Agent\prntm64.dll
0x00007ffb869a0000 - 0x00007ffb86a29000 	C:\windows\SYSTEM32\WINSPOOL.DRV
0x0000000002e60000 - 0x0000000002e86000 	C:\windows\System32\bcrypt.dll
0x00007ffb88810000 - 0x00007ffb88900000 	C:\windows\SYSTEM32\PROPSYS.dll
0x00007ffb8c0e0000 - 0x00007ffb8c11a000 	C:\windows\SYSTEM32\IPHLPAPI.DLL
0x00007ffb45640000 - 0x00007ffb45656000 	C:\Program Files\Java\jre1.8.0_202\bin\zip.dll
0x00007ffb45620000 - 0x00007ffb4563a000 	C:\Program Files\Java\jre1.8.0_202\bin\net.dll
0x00007ffb7a690000 - 0x00007ffb7a866000 	C:\windows\SYSTEM32\urlmon.dll
0x00007ffb7a9b0000 - 0x00007ffb7ac56000 	C:\windows\SYSTEM32\iertutil.dll
0x00007ffb8c5a0000 - 0x00007ffb8c5ac000 	C:\windows\SYSTEM32\CRYPTBASE.DLL
0x00007ffb8c3d0000 - 0x00007ffb8c437000 	C:\windows\system32\mswsock.dll
0x00007ffb8c130000 - 0x00007ffb8c1fb000 	C:\windows\SYSTEM32\DNSAPI.dll
0x00007ffb8de10000 - 0x00007ffb8de18000 	C:\windows\System32\NSI.dll
0x00007ffb86d60000 - 0x00007ffb86d6a000 	C:\Windows\System32\rasadhlp.dll
0x00007ffb88320000 - 0x00007ffb88397000 	C:\windows\System32\fwpuclnt.dll
0x00007ffb6a010000 - 0x00007ffb6a034000 	C:\Program Files\Java\jre1.8.0_202\bin\sunec.dll
0x00007ffb87f10000 - 0x00007ffb87f26000 	C:\windows\SYSTEM32\dhcpcsvc6.DLL
0x00007ffb87ff0000 - 0x00007ffb8800c000 	C:\windows\SYSTEM32\dhcpcsvc.DLL
0x00007ffb45500000 - 0x00007ffb45512000 	C:\Program Files\Java\jre1.8.0_202\bin\nio.dll
0x00007ffb8bf40000 - 0x00007ffb8bf73000 	C:\windows\system32\rsaenh.dll

VM Arguments:
jvm_args: -ea -Dfile.encoding=Cp1252 
java_command: org.eclipse.jdt.internal.junit.runner.RemoteTestRunner -version 3 -port 1303 -testLoaderClass org.eclipse.jdt.internal.junit4.runner.JUnit4TestLoader -loaderpluginname org.eclipse.jdt.junit4.runtime -classNames abrirnavegador
java_class_path (initial): C:\Users\p-lucribeiro\Documents\workspace-sts-3.9.12.RELEASE\NovoProjeto\target\test-classes;C:\Users\p-lucribeiro\Documents\workspace-sts-3.9.12.RELEASE\NovoProjeto\target\classes;C:\Users\p-lucribeiro\.m2\repository\junit\junit\4.12\junit-4.12.jar;C:\Users\p-lucribeiro\.m2\repository\org\hamcrest\hamcrest-core\1.3\hamcrest-core-1.3.jar;C:\Users\p-lucribeiro\.m2\repository\org\seleniumhq\selenium\selenium-java\3.6.0\selenium-java-3.6.0.jar;C:\Users\p-lucribeiro\.m2\repository\org\seleniumhq\selenium\selenium-api\3.6.0\selenium-api-3.6.0.jar;C:\Users\p-lucribeiro\.m2\repository\org\seleniumhq\selenium\selenium-edge-driver\3.6.0\selenium-edge-driver-3.6.0.jar;C:\Users\p-lucribeiro\.m2\repository\org\seleniumhq\selenium\selenium-firefox-driver\3.6.0\selenium-firefox-driver-3.6.0.jar;C:\Users\p-lucribeiro\.m2\repository\org\seleniumhq\selenium\selenium-ie-driver\3.6.0\selenium-ie-driver-3.6.0.jar;C:\Users\p-lucribeiro\.m2\repository\org\seleniumhq\selenium\selenium-opera-driver\3.6.0\selenium-opera-driver-3.6.0.jar;C:\Users\p-lucribeiro\.m2\repository\org\seleniumhq\selenium\selenium-remote-driver\3.6.0\selenium-remote-driver-3.6.0.jar;C:\Users\p-lucribeiro\.m2\repository\org\seleniumhq\selenium\selenium-safari-driver\3.6.0\selenium-safari-driver-3.6.0.jar;C:\Users\p-lucribeiro\.m2\repository\org\seleniumhq\selenium\selenium-support\3.6.0\selenium-support-3.6.0.jar;C:\Users\p-lucribeiro\.m2\repository\net\bytebuddy\byte-buddy\1.7.5\byte-buddy-1.7.5.jar;C:\Users\p-lucribeiro\.m2\repository\org\apache\commons\commons-exec\1.3\commons-exec-1.3.jar;C:\Users\p-lucribeiro\.m2\repository\commons-codec\commons-codec\1.10\commons-codec-1.10.jar;C:\Users\p-lucribeiro\.m2\repository\commons-logging\commons-logging\1.2\commons-logging-1.2.jar;C:\Users\p-lucribeiro\.m2\repository\com\google\code\gson\gson\2.8.0\gson-2.8.0.jar;C:\Users\p-lucribeiro\.m2\repository\com\google\guava\guava\23.0\guava-23.0.jar;C:\Users\p-lucribeiro\.m2\repository\com\google\c
Launcher Type: SUN_STANDARD

Environment Variables:
PATH=C:/Program Files/Java/jre1.8.0_202/bin/server;C:/Program Files/Java/jre1.8.0_202/bin;C:/Program Files/Java/jre1.8.0_202/lib/amd64;C:\Program Files (x86)\Common Files\Oracle\Java\javapath;C:\windows\system32;C:\windows;C:\windows\System32\Wbem;C:\windows\System32\WindowsPowerShell\v1.0\;C:\windows\System32\OpenSSH\;C:\Program Files (x86)\Microsoft SQL Server\150\DTS\Binn\;C:\Program Files\Microsoft VS Code\bin;C:\Users\p-lucribeiro\AppData\Local\Microsoft\WindowsApps;;C:\Users\p-lucribeiro\Downloads\spring-tool-suite-3.9.12.RELEASE-e4.15.0-win32-x86_64 (4)\sts-bundle\sts-3.9.12.RELEASE;
USERNAME=p-lucribeiro
OS=Windows_NT
PROCESSOR_IDENTIFIER=Intel64 Family 6 Model 85 Stepping 4, GenuineIntel



---------------  S Y S T E M  ---------------

OS: Windows 10.0 , 64 bit Build 18362 (10.0.18362.1082)

CPU:total 2 (initial active 2) (2 cores per cpu, 1 threads per core) family 6 model 85 stepping 4, cmov, cx8, fxsr, mmx, sse, sse2, sse3, ssse3, sse4.1, sse4.2, popcnt, avx, avx2, aes, clmul, erms, rtm, 3dnowpref, lzcnt, tsc, bmi1, bmi2, adx

Memory: 4k page, physical 7339572k(539068k free), swap 9174320k(5188k free)

vm_info: Java HotSpot(TM) 64-Bit Server VM (25.202-b08) for windows-amd64 JRE (1.8.0_202-b08), built on Dec 15 2018 19:54:30 by "java_re" with MS VC++ 10.0 (VS2010)

time: Wed Feb 17 13:58:12 2021
timezone: E. South America Standard Time
elapsed time: 5 seconds (0d 0h 0m 5s)

